Login - martina@gmail.com - alumnat - Dia:09-12-2021 - Hora:18:33:15
Dades Usuari Modificades - martina@gmail.com - alumnat - Dia:09-12-2021 - Hora:18:34:55
Contrasenya canviada - martina@gmail.com - alumnat - Dia:09-12-2021 - Hora:18:35:38
Logout - martina@gmail.com - alumnat - Dia:09-12-2021 - Hora:18:35:51
Login - martina@gmail.com - alumnat - Dia:09-12-2021 - Hora:18:36:43
Baixa - martina@gmail.com - alumnat - Dia:09-12-2021 - Hora:18:37:03
Nou Usuari - enricm@gmail.com - ALUMNAT - Dia:09-12-2021 - Hora:18:38:57
Login - enricm@gmail.com - alumnat - Dia:09-12-2021 - Hora:18:41:02
Dades Usuari Modificades - enricm@gmail.com - alumnat - Dia:09-12-2021 - Hora:18:41:17
Contrasenya canviada - enricm@gmail.com - alumnat - Dia:09-12-2021 - Hora:18:41:42
Login - enricm@gmail.com - alumnat - Dia:10-12-2021 - Hora:09:07:07
Logout - enricm@gmail.com - alumnat - Dia:10-12-2021 - Hora:09:20:08
Login - anas@gmail.com - alumnat - Dia:16-12-2021 - Hora:12:16:45
Logout - anas@gmail.com - alumnat - Dia:16-12-2021 - Hora:12:28:31
Nou Usuari - samug@gmail.com - ALUMNAT - Dia:16-12-2021 - Hora:12:31:47
Login - samug@gmail.com - alumnat - Dia:16-12-2021 - Hora:12:33:04
Logout - samug@gmail.com - alumnat - Dia:16-12-2021 - Hora:12:33:52
Login - samug@gmail.com - alumnat - Dia:16-12-2021 - Hora:12:34:53
Contrasenya canviada - samug@gmail.com - alumnat - Dia:16-12-2021 - Hora:12:36:46
Dades Usuari Modificades - samug@gmail.com - alumnat - Dia:16-12-2021 - Hora:12:37:14
Baixa - samug@gmail.com - alumnat - Dia:16-12-2021 - Hora:12:41:14
Login - anas@gmail.com - alumnat - Dia:19-12-2021 - Hora:18:09:56
Logout - anas@gmail.com - alumnat - Dia:19-12-2021 - Hora:18:10:31
Login - anas@gmail.com - alumnat - Dia:19-12-2021 - Hora:18:11:03
Dades Usuari Modificades - anas@gmail.com - alumnat - Dia:19-12-2021 - Hora:18:11:17
Dades Usuari Modificades - anas@gmail.com - alumnat - Dia:19-12-2021 - Hora:18:11:35
Nou Usuari - marib@gmail.com - ALUMNAT - Dia:19-12-2021 - Hora:18:39:44
Dades Usuari Modificades - anas@gmail.com - alumnat - Dia:19-12-2021 - Hora:18:40:03
Logout - anas@gmail.com - alumnat - Dia:19-12-2021 - Hora:18:47:40
Login - anas@gmail.com - alumnat - Dia:19-12-2021 - Hora:18:48:37
Logout - anas@gmail.com - alumnat - Dia:19-12-2021 - Hora:18:51:51
Login - anas@gmail.com - alumnat - Dia:19-12-2021 - Hora:18:54:56
Logout - anas@gmail.com - alumnat - Dia:19-12-2021 - Hora:18:55:03
Login - anas@gmail.com - alumnat - Dia:19-12-2021 - Hora:18:55:55
Dades Usuari Modificades - anas@gmail.com - alumnat - Dia:19-12-2021 - Hora:18:56:04
Dades Usuari Modificades - anas@gmail.com - alumnat - Dia:19-12-2021 - Hora:18:57:21
Logout - anas@gmail.com - alumnat - Dia:19-12-2021 - Hora:18:57:29
Login - anas@gmail.com - alumnat - Dia:19-12-2021 - Hora:19:04:24
Dades Usuari Modificades - anas@gmail.com - alumnat - Dia:19-12-2021 - Hora:19:04:33
Dades Usuari Modificades - anas@gmail.com - alumnat - Dia:19-12-2021 - Hora:19:04:40
Dades Usuari Modificades - anas@gmail.com - alumnat - Dia:19-12-2021 - Hora:19:12:18
Dades Usuari Modificades - anas@gmail.com - alumnat - Dia:19-12-2021 - Hora:19:12:33
Logout - anas@gmail.com - alumnat - Dia:19-12-2021 - Hora:19:24:08
Login - anas@gmail.com - alumnat - Dia:19-12-2021 - Hora:19:24:37
Dades Usuari Modificades - anas@gmail.com - alumnat - Dia:19-12-2021 - Hora:19:24:45
Dades Usuari Modificades - anas@gmail.com - alumnat - Dia:19-12-2021 - Hora:19:28:39
Dades Usuari Modificades - anas@gmail.com - alumnat - Dia:19-12-2021 - Hora:19:29:17
Dades Usuari Modificades - anas@gmail.com - alumnat - Dia:19-12-2021 - Hora:19:30:06
Dades Usuari Modificades - anas@gmail.com - alumnat - Dia:19-12-2021 - Hora:19:30:33
Dades Usuari Modificades - anas@gmail.com - alumnat - Dia:19-12-2021 - Hora:19:43:41
Dades Usuari Modificades - anas@gmail.com - alumnat - Dia:19-12-2021 - Hora:19:44:18
Dades Usuari Modificades - anas@gmail.com - alumnat - Dia:19-12-2021 - Hora:19:44:59
Logout - anas@gmail.com - alumnat - Dia:19-12-2021 - Hora:19:46:29
Login - anas@gmail.com - alumnat - Dia:19-12-2021 - Hora:19:52:11
Logout - anas@gmail.com - alumnat - Dia:19-12-2021 - Hora:19:52:16
Login - anas@gmail.com - alumnat - Dia:19-12-2021 - Hora:20:05:26
Dades Usuari Modificades - anas@gmail.com - alumnat - Dia:19-12-2021 - Hora:20:05:32
Logout - anas@gmail.com - alumnat - Dia:19-12-2021 - Hora:20:05:35
Login - anas@gmail.com - alumnat - Dia:19-12-2021 - Hora:20:07:03
Dades Usuari Modificades - anas@gmail.com - alumnat - Dia:19-12-2021 - Hora:20:07:13
Logout - anas@gmail.com - alumnat - Dia:19-12-2021 - Hora:20:07:16
Login - marib@gmail.com - alumnat - Dia:28-12-2021 - Hora:13:38:18
Dades Usuari Modificades - marib@gmail.com - alumnat - Dia:28-12-2021 - Hora:13:39:26
Contrasenya canviada - marib@gmail.com - alumnat - Dia:28-12-2021 - Hora:13:39:53
Dades Usuari Modificades - marib@gmail.com - alumnat - Dia:28-12-2021 - Hora:13:40:15
Logout - marib@gmail.com - alumnat - Dia:28-12-2021 - Hora:16:52:23
Login - marib@gmail.com - alumnat - Dia:28-12-2021 - Hora:16:54:40
Dades Usuari Modificades - marib@gmail.com - alumnat - Dia:28-12-2021 - Hora:16:54:53
Contrasenya canviada - marib@gmail.com - alumnat - Dia:28-12-2021 - Hora:16:55:15
Logout - marib@gmail.com - alumnat - Dia:28-12-2021 - Hora:17:40:05
Login - marib@gmail.com - alumnat - Dia:28-12-2021 - Hora:17:41:10
Logout - marib@gmail.com - alumnat - Dia:28-12-2021 - Hora:17:49:52
Login - marib@gmail.com - alumnat - Dia:28-12-2021 - Hora:18:20:03
Logout - marib@gmail.com - alumnat - Dia:28-12-2021 - Hora:18:28:41
Login - marib@gmail.com - alumnat - Dia:28-12-2021 - Hora:18:30:10
Dades Usuari Modificades - marib@gmail.com - alumnat - Dia:28-12-2021 - Hora:18:30:21
Dades Usuari Modificades - marib@gmail.com - alumnat - Dia:28-12-2021 - Hora:18:30:40
Contrasenya canviada - marib@gmail.com - alumnat - Dia:28-12-2021 - Hora:18:33:41
Baixa - marib@gmail.com - alumnat - Dia:28-12-2021 - Hora:18:33:49
Nou Usuari - maribelg@gmail.com - ALUMNAT - Dia:28-12-2021 - Hora:18:35:38
Login - maribelg@gmail.com - alumnat - Dia:28-12-2021 - Hora:18:38:27
Dades Usuari Modificades - maribelg@gmail.com - alumnat - Dia:28-12-2021 - Hora:18:38:39
Contrasenya canviada - maribelg@gmail.com - alumnat - Dia:28-12-2021 - Hora:18:38:54
Login - maribelg@gmail.com - alumnat - Dia:28-12-2021 - Hora:18:51:03
Logout - maribelg@gmail.com - alumnat - Dia:28-12-2021 - Hora:18:51:07
Login - maribelg@gmail.com - alumnat - Dia:28-12-2021 - Hora:18:52:16
Logout - maribelg@gmail.com - alumnat - Dia:28-12-2021 - Hora:18:55:07
Login - maribelg@gmail.com - alumnat - Dia:28-12-2021 - Hora:18:55:30
Dades Usuari Modificades - maribelg@gmail.com - alumnat - Dia:28-12-2021 - Hora:18:55:35
Contrasenya canviada - maribelg@gmail.com - alumnat - Dia:28-12-2021 - Hora:18:56:00
Logout - maribelg@gmail.com - alumnat - Dia:28-12-2021 - Hora:18:56:10
Logout - maribelg@gmail.com - alumnat - Dia:28-12-2021 - Hora:21:18:13
Login - maribelg@gmail.com - alumnat - Dia:28-12-2021 - Hora:21:42:03
Dades Usuari Modificades - maribelg@gmail.com - alumnat - Dia:28-12-2021 - Hora:21:42:13
Logout - maribelg@gmail.com - alumnat - Dia:28-12-2021 - Hora:21:42:17
Logout -  -  - Dia:28-12-2021 - Hora:21:42:36
Login - maribelg@gmail.com - alumnat - Dia:28-12-2021 - Hora:21:44:59
Logout - maribelg@gmail.com - alumnat - Dia:28-12-2021 - Hora:21:45:01
Login - maribelg@gmail.com - alumnat - Dia:28-12-2021 - Hora:21:47:10
Logout - maribelg@gmail.com - alumnat - Dia:28-12-2021 - Hora:21:47:12
Login - maribelg@gmail.com - alumnat - Dia:28-12-2021 - Hora:21:49:47
Dades Usuari Modificades - maribelg@gmail.com - alumnat - Dia:28-12-2021 - Hora:21:50:02
Contrasenya canviada - maribelg@gmail.com - alumnat - Dia:28-12-2021 - Hora:21:50:32
Baixa - maribelg@gmail.com - alumnat - Dia:28-12-2021 - Hora:21:50:39
Login - pedro@gmail.com - alumnat - Dia:28-12-2021 - Hora:21:51:46
Baixa - pedro@gmail.com - alumnat - Dia:28-12-2021 - Hora:21:51:53
Nou Usuari - maribelg@gmail.com - ALUMNAT - Dia:28-12-2021 - Hora:21:52:46
Login - jordis@gmail.com - professorat - Dia:28-12-2021 - Hora:21:53:22
Logout - jordis@gmail.com - professorat - Dia:28-12-2021 - Hora:22:14:11
Login - jordis@gmail.com - professorat - Dia:28-12-2021 - Hora:22:19:11
Logout - jordis@gmail.com - professorat - Dia:28-12-2021 - Hora:22:19:15
Login - jordis@gmail.com - professorat - Dia:28-12-2021 - Hora:22:19:29
Dades Usuari Modificades - jordis@gmail.com - professorat - Dia:28-12-2021 - Hora:22:19:36
Baixa - jordis@gmail.com - professorat - Dia:28-12-2021 - Hora:22:19:48
Login - tonos@gmail.com - professorat - Dia:28-12-2021 - Hora:22:25:47
Logout - tonos@gmail.com - professorat - Dia:28-12-2021 - Hora:22:25:52
Login - tonos@gmail.com - professorat - Dia:28-12-2021 - Hora:22:48:21
Dades Usuari Modificades - tonos@gmail.com - professorat - Dia:28-12-2021 - Hora:22:48:30
Nou Usuari - carmens@gmail.com - ALUMNAT - Dia:28-12-2021 - Hora:22:49:24
Contrasenya canviada - tonos@gmail.com - professorat - Dia:28-12-2021 - Hora:22:49:53
Dades Usuari Modificades - tonos@gmail.com - professorat - Dia:28-12-2021 - Hora:22:51:58
Logout - tonos@gmail.com - professorat - Dia:28-12-2021 - Hora:22:52:02
Login - tonos@gmail.com - professorat - Dia:29-12-2021 - Hora:11:32:16
Dades Usuari Modificades - tonos@gmail.com - professorat - Dia:29-12-2021 - Hora:11:32:36
Contrasenya canviada - tonos@gmail.com - professorat - Dia:29-12-2021 - Hora:11:33:22
Logout - tonos@gmail.com - professorat - Dia:29-12-2021 - Hora:12:08:31
Login - tonos@gmail.com - professorat - Dia:29-12-2021 - Hora:12:21:47
Dades Usuari Modificades - tonos@gmail.com - professorat - Dia:29-12-2021 - Hora:12:23:20
Dades Usuari Modificades - tonos@gmail.com - professorat - Dia:29-12-2021 - Hora:12:23:49
Contrasenya canviada - tonos@gmail.com - professorat - Dia:29-12-2021 - Hora:12:24:09
Logout - tonos@gmail.com - professorat - Dia:29-12-2021 - Hora:12:24:21
Login - tonos@gmail.com - professorat - Dia:29-12-2021 - Hora:12:25:34
Baixa - tonos@gmail.com - professorat - Dia:29-12-2021 - Hora:12:25:45
Nou Usuari - tonos@gmail.com - ALUMNAT - Dia:29-12-2021 - Hora:12:26:14
Nou Usuari - tonos@gmail.com - PROFESSORAT - Dia:29-12-2021 - Hora:12:26:32
Login - tonos@gmail.com - professorat - Dia:29-12-2021 - Hora:12:26:55
Logout - tonos@gmail.com - professorat - Dia:29-12-2021 - Hora:12:27:01
Login - tonos@gmail.com - professorat - Dia:29-12-2021 - Hora:12:42:35
Logout - tonos@gmail.com - professorat - Dia:29-12-2021 - Hora:12:42:53
Login - tonos@gmail.com - professorat - Dia:29-12-2021 - Hora:12:43:49
Dades Usuari Modificades - tonos@gmail.com - professorat - Dia:29-12-2021 - Hora:12:43:57
Contrasenya canviada - tonos@gmail.com - professorat - Dia:29-12-2021 - Hora:12:44:33
Baixa - tonos@gmail.com - professorat - Dia:29-12-2021 - Hora:12:44:40
Login - tonos@gmail.com - alumnat - Dia:29-12-2021 - Hora:12:45:00
Logout - tonos@gmail.com - alumnat - Dia:29-12-2021 - Hora:12:45:17
Login - tonos@gmail.com - alumnat - Dia:29-12-2021 - Hora:12:45:35
Logout - tonos@gmail.com - alumnat - Dia:29-12-2021 - Hora:12:47:58
Login - tonos@gmail.com - alumnat - Dia:29-12-2021 - Hora:12:48:17
Dades Usuari Modificades - tonos@gmail.com - alumnat - Dia:29-12-2021 - Hora:12:48:32
Logout - tonos@gmail.com - alumnat - Dia:29-12-2021 - Hora:12:48:49
Login - tonos@gmail.com - alumnat - Dia:29-12-2021 - Hora:12:49:42
Contrasenya canviada - tonos@gmail.com - alumnat - Dia:29-12-2021 - Hora:12:50:19
Logout - tonos@gmail.com - alumnat - Dia:29-12-2021 - Hora:12:50:33
Login - tonos@gmail.com - alumnat - Dia:29-12-2021 - Hora:12:53:45
Dades Usuari Modificades - tonos@gmail.com - alumnat - Dia:29-12-2021 - Hora:12:53:54
Contrasenya canviada - tonos@gmail.com - alumnat - Dia:29-12-2021 - Hora:12:54:14
Nou Usuari - marib@gmail.com - ALUMNAT - Dia:29-12-2021 - Hora:12:54:52
